  Test project D:/www/_openresty/openresty-1.13.6.2/thirdparty/libtiff-master/build
        Start  1: bmp2tiff-palette-palette-1c-8b
   1/80 Test  #1: bmp2tiff-palette-palette-1c-8b ...............   Passed    0.05 sec
        Start  2: bmp2tiff-rgb-rgb-3c-8b
   2/80 Test  #2: bmp2tiff-rgb-rgb-3c-8b .......................   Passed    0.02 sec
        Start  3: gif2tiff-palette-palette-1c-8b
   3/80 Test  #3: gif2tiff-palette-palette-1c-8b ...............   Passed    0.03 sec
        Start  4: ppm2tiff-miniswhite-miniswhite-1c-1b
   4/80 Test  #4: ppm2tiff-miniswhite-miniswhite-1c-1b .........   Passed    0.02 sec
        Start  5: ppm2tiff-minisblack-minisblack-1c-8b
   5/80 Test  #5: ppm2tiff-minisblack-minisblack-1c-8b .........   Passed    0.02 sec
        Start  6: ppm2tiff-rgb-rgb-3c-8b
   6/80 Test  #6: ppm2tiff-rgb-rgb-3c-8b .......................   Passed    0.02 sec
        Start  7: tiffcp-g3-miniswhite-1c-1b
   7/80 Test  #7: tiffcp-g3-miniswhite-1c-1b ...................   Passed    0.02 sec
        Start  8: tiffcp-g31d-miniswhite-1c-1b
   8/80 Test  #8: tiffcp-g31d-miniswhite-1c-1b .................   Passed    0.02 sec
        Start  9: tiffcp-g31dfill-miniswhite-1c-1b
   9/80 Test  #9: tiffcp-g31dfill-miniswhite-1c-1b .............   Passed    0.03 sec
        Start 10: tiffcp-g32d-miniswhite-1c-1b
  10/80 Test #10: tiffcp-g32d-miniswhite-1c-1b .................   Passed    0.02 sec
        Start 11: tiffcp-g32dfill-miniswhite-1c-1b
  11/80 Test #11: tiffcp-g32dfill-miniswhite-1c-1b .............   Passed    0.03 sec
        Start 12: tiffcp-g4-miniswhite-1c-1b
  12/80 Test #12: tiffcp-g4-miniswhite-1c-1b ...................   Passed    0.02 sec
        Start 13: tiffcp-none-quad-lzw-compat
  13/80 Test #13: tiffcp-none-quad-lzw-compat ..................   Passed    0.03 sec
        Start 14: tiffcp-logluv-logluv-3c-16b
  14/80 Test #14: tiffcp-logluv-logluv-3c-16b ..................   Passed    0.02 sec
        Start 15: tiffcp-thumbnail-miniswhite-1c-1b
  15/80 Test #15: tiffcp-thumbnail-miniswhite-1c-1b ............   Passed    0.03 sec
        Start 16: tiffdump-miniswhite-1c-1b
  16/80 Test #16: tiffdump-miniswhite-1c-1b ....................***Failed    0.08 sec
        Start 17: tiffinfo-minisblack-1c-16b
  17/80 Test #17: tiffinfo-minisblack-1c-16b ...................***Failed    0.08 sec
        Start 18: tiffcp-split
  18/80 Test #18: tiffcp-split .................................***Failed    0.03 sec
        Start 19: tiffcp-split-join
  19/80 Test #19: tiffcp-split-join ............................***Failed    0.02 sec
        Start 20: tiff2pdf-miniswhite-1c-1b
  20/80 Test #20: tiff2pdf-miniswhite-1c-1b ....................***Failed    0.05 sec
        Start 21: tiff2rgba-default-logluv-3c-16b
  21/80 Test #21: tiff2rgba-default-logluv-3c-16b ..............   Passed    0.02 sec
        Start 22: tiff2rgba-default-minisblack-1c-16b
  22/80 Test #22: tiff2rgba-default-minisblack-1c-16b ..........   Passed    0.03 sec
        Start 23: tiff2rgba-default-minisblack-1c-8b
  23/80 Test #23: tiff2rgba-default-minisblack-1c-8b ...........   Passed    0.02 sec
        Start 24: tiff2rgba-default-minisblack-2c-8b-alpha
  24/80 Test #24: tiff2rgba-default-minisblack-2c-8b-alpha .....   Passed    0.03 sec
        Start 25: tiff2rgba-default-miniswhite-1c-1b
  25/80 Test #25: tiff2rgba-default-miniswhite-1c-1b ...........   Passed    0.02 sec
        Start 26: tiff2rgba-default-palette-1c-1b
  26/80 Test #26: tiff2rgba-default-palette-1c-1b ..............   Passed    0.03 sec
        Start 27: tiff2rgba-default-palette-1c-4b
  27/80 Test #27: tiff2rgba-default-palette-1c-4b ..............   Passed    0.02 sec
        Start 28: tiff2rgba-default-palette-1c-8b
  28/80 Test #28: tiff2rgba-default-palette-1c-8b ..............   Passed    0.03 sec
        Start 29: tiff2rgba-default-rgb-3c-16b
  29/80 Test #29: tiff2rgba-default-rgb-3c-16b .................   Passed    0.02 sec
        Start 30: tiff2rgba-default-rgb-3c-8b
  30/80 Test #30: tiff2rgba-default-rgb-3c-8b ..................   Passed    0.03 sec
        Start 31: tiff2rgba-default-quad-tile
  31/80 Test #31: tiff2rgba-default-quad-tile ..................   Passed    0.02 sec
        Start 32: tiff2rgba-default-quad-lzw-compat
  32/80 Test #32: tiff2rgba-default-quad-lzw-compat ............   Passed    0.03 sec
        Start 33: tiffcrop-R90-logluv-3c-16b
  33/80 Test #33: tiffcrop-R90-logluv-3c-16b ...................   Passed    0.02 sec
        Start 34: tiffcrop-R90-minisblack-1c-16b
  34/80 Test #34: tiffcrop-R90-minisblack-1c-16b ...............   Passed    0.02 sec
        Start 35: tiffcrop-R90-minisblack-1c-8b
  35/80 Test #35: tiffcrop-R90-minisblack-1c-8b ................   Passed    0.02 sec
        Start 36: tiffcrop-R90-minisblack-2c-8b-alpha
  36/80 Test #36: tiffcrop-R90-minisblack-2c-8b-alpha ..........   Passed    0.02 sec
        Start 37: tiffcrop-R90-miniswhite-1c-1b
  37/80 Test #37: tiffcrop-R90-miniswhite-1c-1b ................   Passed    0.03 sec
        Start 38: tiffcrop-R90-palette-1c-1b
  38/80 Test #38: tiffcrop-R90-palette-1c-1b ...................   Passed    0.02 sec
        Start 39: tiffcrop-R90-palette-1c-4b
  39/80 Test #39: tiffcrop-R90-palette-1c-4b ...................   Passed    0.03 sec
        Start 40: tiffcrop-R90-palette-1c-8b
  40/80 Test #40: tiffcrop-R90-palette-1c-8b ...................   Passed    0.02 sec
        Start 41: tiffcrop-R90-rgb-3c-16b
  41/80 Test #41: tiffcrop-R90-rgb-3c-16b ......................   Passed    0.03 sec
        Start 42: tiffcrop-R90-rgb-3c-8b
  42/80 Test #42: tiffcrop-R90-rgb-3c-8b .......................   Passed    0.02 sec
        Start 43: tiffcrop-R90-quad-tile
  43/80 Test #43: tiffcrop-R90-quad-tile .......................   Passed    0.02 sec
        Start 44: tiffcrop-R90-quad-lzw-compat
  44/80 Test #44: tiffcrop-R90-quad-lzw-compat .................   Passed    0.02 sec
        Start 45: tiffcrop-doubleflip-logluv-3c-16b
  45/80 Test #45: tiffcrop-doubleflip-logluv-3c-16b ............   Passed    0.02 sec
        Start 46: tiffcrop-doubleflip-minisblack-1c-16b
  46/80 Test #46: tiffcrop-doubleflip-minisblack-1c-16b ........   Passed    0.03 sec
        Start 47: tiffcrop-doubleflip-minisblack-1c-8b
  47/80 Test #47: tiffcrop-doubleflip-minisblack-1c-8b .........   Passed    0.02 sec
        Start 48: tiffcrop-doubleflip-minisblack-2c-8b-alpha
  48/80 Test #48: tiffcrop-doubleflip-minisblack-2c-8b-alpha ...   Passed    0.03 sec
        Start 49: tiffcrop-doubleflip-miniswhite-1c-1b
  49/80 Test #49: tiffcrop-doubleflip-miniswhite-1c-1b .........   Passed    0.02 sec
        Start 50: tiffcrop-doubleflip-palette-1c-1b
  50/80 Test #50: tiffcrop-doubleflip-palette-1c-1b ............   Passed    0.03 sec
        Start 51: tiffcrop-doubleflip-palette-1c-4b
  51/80 Test #51: tiffcrop-doubleflip-palette-1c-4b ............   Passed    0.02 sec
        Start 52: tiffcrop-doubleflip-palette-1c-8b
  52/80 Test #52: tiffcrop-doubleflip-palette-1c-8b ............   Passed    0.02 sec
        Start 53: tiffcrop-doubleflip-rgb-3c-16b
  53/80 Test #53: tiffcrop-doubleflip-rgb-3c-16b ...............   Passed    0.02 sec
        Start 54: tiffcrop-doubleflip-rgb-3c-8b
  54/80 Test #54: tiffcrop-doubleflip-rgb-3c-8b ................   Passed    0.02 sec
        Start 55: tiffcrop-doubleflip-quad-tile
  55/80 Test #55: tiffcrop-doubleflip-quad-tile ................   Passed    0.03 sec
        Start 56: tiffcrop-doubleflip-quad-lzw-compat
  56/80 Test #56: tiffcrop-doubleflip-quad-lzw-compat ..........   Passed    0.02 sec
        Start 57: tiffcrop-extract-logluv-3c-16b
  57/80 Test #57: tiffcrop-extract-logluv-3c-16b ...............   Passed    0.03 sec
        Start 58: tiffcrop-extract-minisblack-1c-16b
  58/80 Test #58: tiffcrop-extract-minisblack-1c-16b ...........   Passed    0.02 sec
        Start 59: tiffcrop-extract-minisblack-1c-8b
  59/80 Test #59: tiffcrop-extract-minisblack-1c-8b ............   Passed    0.03 sec
        Start 60: tiffcrop-extract-minisblack-2c-8b-alpha
  60/80 Test #60: tiffcrop-extract-minisblack-2c-8b-alpha ......   Passed    0.02 sec
        Start 61: tiffcrop-extract-miniswhite-1c-1b
  61/80 Test #61: tiffcrop-extract-miniswhite-1c-1b ............   Passed    0.03 sec
        Start 62: tiffcrop-extract-palette-1c-1b
  62/80 Test #62: tiffcrop-extract-palette-1c-1b ...............   Passed    0.03 sec
        Start 63: tiffcrop-extract-palette-1c-4b
  63/80 Test #63: tiffcrop-extract-palette-1c-4b ...............   Passed    0.03 sec
        Start 64: tiffcrop-extract-palette-1c-8b
  64/80 Test #64: tiffcrop-extract-palette-1c-8b ...............   Passed    0.02 sec
        Start 65: tiffcrop-extract-rgb-3c-16b
  65/80 Test #65: tiffcrop-extract-rgb-3c-16b ..................   Passed    0.02 sec
        Start 66: tiffcrop-extract-rgb-3c-8b
  66/80 Test #66: tiffcrop-extract-rgb-3c-8b ...................   Passed    0.02 sec
        Start 67: tiffcrop-extract-quad-tile
  67/80 Test #67: tiffcrop-extract-quad-tile ...................   Passed    0.02 sec
        Start 68: tiffcrop-extract-quad-lzw-compat
  68/80 Test #68: tiffcrop-extract-quad-lzw-compat .............   Passed    0.03 sec
        Start 69: tiffcrop-extractz14-logluv-3c-16b
  69/80 Test #69: tiffcrop-extractz14-logluv-3c-16b ............   Passed    0.02 sec
        Start 70: tiffcrop-extractz14-minisblack-1c-16b
  70/80 Test #70: tiffcrop-extractz14-minisblack-1c-16b ........   Passed    0.03 sec
        Start 71: tiffcrop-extractz14-minisblack-1c-8b
  71/80 Test #71: tiffcrop-extractz14-minisblack-1c-8b .........   Passed    0.02 sec
        Start 72: tiffcrop-extractz14-minisblack-2c-8b-alpha
  72/80 Test #72: tiffcrop-extractz14-minisblack-2c-8b-alpha ...   Passed    0.02 sec
        Start 73: tiffcrop-extractz14-miniswhite-1c-1b
  73/80 Test #73: tiffcrop-extractz14-miniswhite-1c-1b .........   Passed    0.03 sec
        Start 74: tiffcrop-extractz14-palette-1c-1b
  74/80 Test #74: tiffcrop-extractz14-palette-1c-1b ............   Passed    0.02 sec
        Start 75: tiffcrop-extractz14-palette-1c-4b
  75/80 Test #75: tiffcrop-extractz14-palette-1c-4b ............   Passed    0.02 sec
        Start 76: tiffcrop-extractz14-palette-1c-8b
  76/80 Test #76: tiffcrop-extractz14-palette-1c-8b ............   Passed    0.03 sec
        Start 77: tiffcrop-extractz14-rgb-3c-16b
  77/80 Test #77: tiffcrop-extractz14-rgb-3c-16b ...............   Passed    0.02 sec
        Start 78: tiffcrop-extractz14-rgb-3c-8b
  78/80 Test #78: tiffcrop-extractz14-rgb-3c-8b ................   Passed    0.02 sec
        Start 79: tiffcrop-extractz14-quad-tile
  79/80 Test #79: tiffcrop-extractz14-quad-tile ................   Passed    0.03 sec
        Start 80: tiffcrop-extractz14-quad-lzw-compat
  80/80 Test #80: tiffcrop-extractz14-quad-lzw-compat ..........   Passed    0.02 sec
  
  94% tests passed, 5 tests failed out of 80
  
  Total Test time (real) =   2.31 sec
  
  The following tests FAILED:
  	 16 - tiffdump-miniswhite-1c-1b (Failed)
  	 17 - tiffinfo-minisblack-1c-16b (Failed)
  	 18 - tiffcp-split (Failed)
  	 19 - tiffcp-split-join (Failed)
  	 20 - tiff2pdf-miniswhite-1c-1b (Failed)
  Errors while running CTest
C:\Program Files (x86)\Microsoft Visual Studio\2017\Community\Common7\IDE\VC\VCTargets\Microsoft.CppCommon.targets(133,5): error MSB3073: The command "setlocal
C:\Program Files (x86)\Microsoft Visual Studio\2017\Community\Common7\IDE\VC\VCTargets\Microsoft.CppCommon.targets(133,5): error MSB3073: "C:\Program Files\CMake\bin\ctest.exe" --force-new-ctest-process -C Debug
C:\Program Files (x86)\Microsoft Visual Studio\2017\Community\Common7\IDE\VC\VCTargets\Microsoft.CppCommon.targets(133,5): error MSB3073: if %errorlevel% neq 0 goto :cmEnd
C:\Program Files (x86)\Microsoft Visual Studio\2017\Community\Common7\IDE\VC\VCTargets\Microsoft.CppCommon.targets(133,5): error MSB3073: :cmEnd
C:\Program Files (x86)\Microsoft Visual Studio\2017\Community\Common7\IDE\VC\VCTargets\Microsoft.CppCommon.targets(133,5): error MSB3073: endlocal & call :cmErrorLevel %errorlevel% & goto :cmDone
C:\Program Files (x86)\Microsoft Visual Studio\2017\Community\Common7\IDE\VC\VCTargets\Microsoft.CppCommon.targets(133,5): error MSB3073: :cmErrorLevel
C:\Program Files (x86)\Microsoft Visual Studio\2017\Community\Common7\IDE\VC\VCTargets\Microsoft.CppCommon.targets(133,5): error MSB3073: exit /b %1
C:\Program Files (x86)\Microsoft Visual Studio\2017\Community\Common7\IDE\VC\VCTargets\Microsoft.CppCommon.targets(133,5): error MSB3073: :cmDone
C:\Program Files (x86)\Microsoft Visual Studio\2017\Community\Common7\IDE\VC\VCTargets\Microsoft.CppCommon.targets(133,5): error MSB3073: if %errorlevel% neq 0 goto :VCEnd
C:\Program Files (x86)\Microsoft Visual Studio\2017\Community\Common7\IDE\VC\VCTargets\Microsoft.CppCommon.targets(133,5): error MSB3073: :VCEnd" exited with code 8.
